POS INICIAL DE I: 0
POS INICIAL DE J: 100
tam: 50
INICIAIS
i: UNIVERSIDADE FEDERAL DE MATO GROSSO
j: UNIVERSIDADE DE SOROCABA
pivo: FACULDADE SANTA RITA
 POS DE I: 0
 POS DE J: 100
ALTERACOES
99
j: INSTITUTO DE ENSINO SUPERIOR DE OLINDA
98
j: FACULDADE DE TECNOLOGIA SENAC CHAPECÓ
POS TROCA
i: FACULDADE DE TECNOLOGIA SENAC CHAPECÓ
j: UNIVERSIDADE FEDERAL DE MATO GROSSO
 POS DE I: 1
 POS DE J: 97
ALTERACOES
i: UNIVERSIDADE VALE DO RIO VERDE
POS TROCA
i: FACULDADE DE TECNOLOGIA DE MAUÁ
j: UNIVERSIDADE VALE DO RIO VERDE
 POS DE I: 3
 POS DE J: 96
ALTERACOES
95
j: FACULDADE METROPOLITANA DE GUARAMIRIM
POS TROCA
i: FACULDADE METROPOLITANA DE GUARAMIRIM
j: Faculdade Presidente Antônio Carlos de Itabirito
 POS DE I: 4
 POS DE J: 94
ALTERACOES
i: FACULDADE  PITÁGORAS
i: Faculdade de Tecnologia de Campinas
93
j: FACULDADE ANHANGUERA DE SERTÃOZINHO
POS TROCA
i: FACULDADE ANHANGUERA DE SERTÃOZINHO
j: Faculdade de Tecnologia de Campinas
 POS DE I: 7
 POS DE J: 92
ALTERACOES
i: FACULDADE DE TECNOLOGIA DE PIRACICABA
i: FACULDADES INTEGRADAS DE BOTUCATU
POS TROCA
i: FACULDADE RUY BARBOSA
j: FACULDADES INTEGRADAS DE BOTUCATU
 POS DE I: 10
 POS DE J: 91
ALTERACOES
i: FACULDADE PADRÃO
i: CENTRO UNIVERSITÁRIO TERESA D'ÁVILA
i: UNIVERSIDADE SALGADO DE OLIVEIRA
POS TROCA
i: FACULDADE DE TECNOLOGIA EM SAÚDE - IAHCS
j: UNIVERSIDADE SALGADO DE OLIVEIRA
 POS DE I: 14
 POS DE J: 90
ALTERACOES
i: INSTITUTO DE ENSINO SUPERIOR DE TERESINA
89
j: Faculdade de Tecnologia Sebrae
88
j: FACULDADE CENECISTA DE NOVA PETRÓPOLIS
POS TROCA
i: FACULDADE CENECISTA DE NOVA PETRÓPOLIS
j: INSTITUTO DE ENSINO SUPERIOR DE TERESINA
 POS DE I: 16
 POS DE J: 87
ALTERACOES
POS TROCA
i: FACULDADE DE DIREITO PADRE ARNALDO JANSSEN
j: INSTITUTO UVB.BR
 POS DE I: 17
 POS DE J: 86
ALTERACOES
i: FACULDADE VALE DO SALGADO
85
j: Faculdade de Paraíso do Norte
84
j: CENTRO UNIVERSITÁRIO FRANCISCANO
POS TROCA
i: CENTRO UNIVERSITÁRIO FRANCISCANO
j: FACULDADE VALE DO SALGADO
 POS DE I: 19
 POS DE J: 83
ALTERACOES
i: FACULDADE DE ODONTOLOGIA DO RECIFE
i: Faculdade de Quixeramobim
POS TROCA
i: FACULDADE DE TECNOLOGIA LUIZ ADELAR SCHEUER
j: Faculdade de Quixeramobim
 POS DE I: 22
 POS DE J: 82
ALTERACOES
i: CENTRO UNIVERSITÁRIO CATÓLICA DE QUIXADÁ
i: FACULDADE PADRÃO
i: FACULDADE METROPOLITANA DE RIO DO SUL
i: CENTRO UNIVERSITÁRIO ANHANGUERA DE NITERÓI
i: FACULDADE LABORO
i: FACULDADE DOM PEDRO II
i: Faculdade Menino Deus
POS TROCA
i: FACULDADE DE EDUCAÇÃO DE PORTO VELHO
j: Faculdade Menino Deus
 POS DE I: 30
 POS DE J: 81
ALTERACOES
80
j: UNIVERSIDADE FEDERAL RURAL DO SEMI-ÁRIDO
79
j: FACULDADE DE TECNOLOGIA SENAI CHAPECÓ
POS TROCA
i: FACULDADE DE TECNOLOGIA SENAI CHAPECÓ
j: FACULDADE TEOLÓGICA EVANGÉLICA DO RIO DE JANEIRO
 POS DE I: 31
 POS DE J: 78
ALTERACOES
i: FACULDADE SÃO TOMÁS DE AQUINO
POS TROCA
i: FACULDADE DE TECNOLOGIA INFORMÁTICA
j: FACULDADE SÃO TOMÁS DE AQUINO
 POS DE I: 33
 POS DE J: 77
ALTERACOES
i: FACULDADE DE TEOLOGIA E CIÊNCIAS HUMANAS
i: ESCOLA SUPERIOR DE TECNOLOGIA E EDUCAÇÃO DE PORTO FERREIRA
i: CENTRO UNIVERSITÁRIO BARRIGA VERDE
i: FACULDADE PINHALZINHO
i: FACULDADE CIDADE DE PATOS DE MINAS
i: FACULDADE DE TECNOLOGIA SENAI FELIX GUISARD
i: FACULDADE REGIONAL PALMITOS
i: FACULDADE DE CIÊNCIAS SOCIAIS APLICADAS DE BELO HORIZONTE
i: UNIVERSIDADE ESTADUAL DE CAMPINAS
POS TROCA
i: FACULDADE ANGLO-AMERICANO DE CHAPECÓ
j: UNIVERSIDADE ESTADUAL DE CAMPINAS
 POS DE I: 43
 POS DE J: 76
ALTERACOES
75
j: FACULDADE DE TECNOLOGIA ENSITEC
POS TROCA
i: FACULDADE DE TECNOLOGIA ENSITEC
j: Faculdade de Tecnologia de Itaquera
 POS DE I: 44
 POS DE J: 74
ALTERACOES
i: FACULDADE DE ENFERMAGEM LUIZA DE MARILLAC
i: ESCOLA DE MEDICINA SOUZA MARQUES DA FUNDAÇÃO TÉCNICO-EDUCACIONAL SOUZA MARQUES
i: FACULDADE TRÊS DE MAIO
POS TROCA
i: CENTRO UNIVERSITÁRIO DE MANDAGUARI - UNIMAN
j: FACULDADE TRÊS DE MAIO
 POS DE I: 48
 POS DE J: 73
ALTERACOES
POS TROCA
i: FACULDADE DE CIÊNCIAS SOCIAIS APLICADAS
j: FACULDADE SANTO ANTONIO
 POS DE I: 49
 POS DE J: 72
ALTERACOES
POS TROCA
i: FACULDADE DE CIÊNCIAS SOCIAIS APLICADAS DE EXTREMA
j: Faculdade de Ensino Regional Alternativa
 POS DE I: 50
 POS DE J: 71
ALTERACOES
70
j: FACULDADE DE FILOSOFIA, CIÊNCIAS E LETRAS DE IBITINGA
POS TROCA
i: FACULDADE DE FILOSOFIA, CIÊNCIAS E LETRAS DE IBITINGA
j: FACULDADE SANTA RITA
 POS DE I: 51
 POS DE J: 69
ALTERACOES
68
j: FACULDADE DO INSTITUTO BRASIL
POS TROCA
i: FACULDADE DO INSTITUTO BRASIL
j: Faculdade de Educação em Ciências da Saúde
 POS DE I: 52
 POS DE J: 67
ALTERACOES
i: FACULDADE DE CASTANHAL
i: FACULDADE DE CONCHAS
i: FACULDADE ZACARIAS DE GÓES
POS TROCA
i: FACULDADE DE TECNOLOGIA DE PORTO ALEGRE
j: FACULDADE ZACARIAS DE GÓES
 POS DE I: 56
 POS DE J: 66
ALTERACOES
i: UNIVERSIDADE ESTADUAL DO SUDOESTE DA BAHIA
65
j: FACULDADE DE CIÊNCIAS EXATAS DE GARANHUNS
POS TROCA
i: FACULDADE DE CIÊNCIAS EXATAS DE GARANHUNS
j: UNIVERSIDADE ESTADUAL DO SUDOESTE DA BAHIA
 POS DE I: 58
 POS DE J: 64
ALTERACOES
63
j: FACULDADE ITEANA DE BOTUCATU
POS TROCA
i: FACULDADE ITEANA DE BOTUCATU
j: INSTITUTO FEDERAL DE EDUCAÇÃO, CIÊNCIA E TECNOLOGIA DE RORAIMA
 POS DE I: 59
 POS DE J: 62
ALTERACOES
POS TROCA
i: FACULDADE DE DIREITO DA ALTA PAULISTA
j: Faculdades Magsul
 POS DE I: 60
 POS DE J: 61
ALTERACOES
POS TROCA
i: FACULDADE DE MÚSICA CARLOS GOMES
j: Faculdade Mário Quintana
POS INICIAL DE I: 0
POS INICIAL DE J: 60
tam: 30
INICIAIS
i: UNIVERSIDADE FEDERAL DE MATO GROSSO
j: Faculdade Mário Quintana
pivo: FACULDADE TEOLÓGICA EVANGÉLICA DO RIO DE JANEIRO
 POS DE I: 0
 POS DE J: 60
ALTERACOES
59
j: Faculdades Magsul
58
j: INSTITUTO FEDERAL DE EDUCAÇÃO, CIÊNCIA E TECNOLOGIA DE RORAIMA
57
j: UNIVERSIDADE ESTADUAL DO SUDOESTE DA BAHIA
56
j: FACULDADE ALFREDO NASSER
POS TROCA
i: FACULDADE ALFREDO NASSER
j: UNIVERSIDADE FEDERAL DE MATO GROSSO
 POS DE I: 1
 POS DE J: 55
ALTERACOES
i: FACULDADE DE TECNOLOGIA DE MAUÁ
i: Faculdade Presidente Antônio Carlos de Itabirito
54
j: FACULDADE DE CONCHAS
POS TROCA
i: FACULDADE DE CONCHAS
j: Faculdade Presidente Antônio Carlos de Itabirito
 POS DE I: 4
 POS DE J: 53
ALTERACOES
i: FACULDADE  PITÁGORAS
i: FACULDADE ANHANGUERA DE SERTÃOZINHO
i: FACULDADE DE BIBLIOTECONOMIA E CIÊNCIA DA INFORMAÇÃO
i: FACULDADE DE TECNOLOGIA DE PIRACICABA
i: FACULDADE RUY BARBOSA
i: CENTRO UNIVERSITÁRIO LUTERANO DE SANTARÉM
i: FACULDADE PADRÃO
i: CENTRO UNIVERSITÁRIO TERESA D'ÁVILA
i: FACULDADE DE TECNOLOGIA EM SAÚDE - IAHCS
i: FACULDADE DOM BOSCO DE GOIOERÊ
i: FACULDADE CENECISTA DE NOVA PETRÓPOLIS
i: INSTITUTO UVB.BR
POS TROCA
i: FACULDADE DE CASTANHAL
j: INSTITUTO UVB.BR
 POS DE I: 17
 POS DE J: 52
ALTERACOES
i: CENTRO UNIVERSITÁRIO FRANCISCANO
i: FACULDADE LOURENÇO FILHO
i: FACULDADE DE ODONTOLOGIA DO RECIFE
i: FACULDADE DE TECNOLOGIA LUIZ ADELAR SCHEUER
i: FACUDADE IEDUCARE - FIED
i: CENTRO UNIVERSITÁRIO CATÓLICA DE QUIXADÁ
i: FACULDADE PADRÃO
i: FACULDADE METROPOLITANA DE RIO DO SUL
i: CENTRO UNIVERSITÁRIO ANHANGUERA DE NITERÓI
i: FACULDADE LABORO
i: FACULDADE DOM PEDRO II
i: FACULDADE DE EDUCAÇÃO DE PORTO VELHO
i: FACULDADE TEOLÓGICA EVANGÉLICA DO RIO DE JANEIRO
POS TROCA
i: FACULDADE ANGLICANA DE TAPEJARA
j: FACULDADE TEOLÓGICA EVANGÉLICA DO RIO DE JANEIRO
 POS DE I: 31
 POS DE J: 51
ALTERACOES
i: FACULDADE DE TECNOLOGIA INFORMÁTICA
i: FACULDADE GIANNA BERETTA
i: FACULDADE DE TEOLOGIA E CIÊNCIAS HUMANAS
i: ESCOLA SUPERIOR DE TECNOLOGIA E EDUCAÇÃO DE PORTO FERREIRA
i: CENTRO UNIVERSITÁRIO BARRIGA VERDE
i: FACULDADE PINHALZINHO
i: FACULDADE CIDADE DE PATOS DE MINAS
i: FACULDADE DE TECNOLOGIA SENAI FELIX GUISARD
i: FACULDADE REGIONAL PALMITOS
i: FACULDADE DE CIÊNCIAS SOCIAIS APLICADAS DE BELO HORIZONTE
i: FACULDADE ANGLO-AMERICANO DE CHAPECÓ
i: Faculdade de Tecnologia de Itaquera
50
j: FACULDADE SANTA RITA
POS TROCA
i: FACULDADE SANTA RITA
j: Faculdade de Tecnologia de Itaquera
 POS DE I: 44
 POS DE J: 49
ALTERACOES
i: FACULDADE DE ENFERMAGEM LUIZA DE MARILLAC
i: ESCOLA DE MEDICINA SOUZA MARQUES DA FUNDAÇÃO TÉCNICO-EDUCACIONAL SOUZA MARQUES
i: CENTRO UNIVERSITÁRIO DE MANDAGUARI - UNIMAN
i: FACULDADE SANTO ANTONIO
i: FACULDADE DE CIÊNCIAS SOCIAIS APLICADAS DE EXTREMA
i: FACULDADE SANTA RITA
i: FACULDADE DO INSTITUTO BRASIL
i: FACULDADE ANGLICANA DE TAPEJARA
i: INSTITUTO UVB.BR
48
j: FACULDADE SANTO ANTONIO
POS INICIAL DE I: 0
POS INICIAL DE J: 48
tam: 24
INICIAIS
i: UNIVERSIDADE FEDERAL DE MATO GROSSO
j: FACULDADE SANTO ANTONIO
pivo: FACULDADE PADRÃO
 POS DE I: 0
 POS DE J: 48
ALTERACOES
47
j: FACULDADE TRÊS DE MAIO
46
j: ESCOLA DE MEDICINA SOUZA MARQUES DA FUNDAÇÃO TÉCNICO-EDUCACIONAL SOUZA MARQUES
POS TROCA
i: ESCOLA DE MEDICINA SOUZA MARQUES DA FUNDAÇÃO TÉCNICO-EDUCACIONAL SOUZA MARQUES
j: UNIVERSIDADE FEDERAL DE MATO GROSSO
 POS DE I: 1
 POS DE J: 45
ALTERACOES
i: FACULDADE DE TECNOLOGIA DE MAUÁ
i: Faculdade Presidente Antônio Carlos de Itabirito
POS TROCA
i: FACULDADE DE ENFERMAGEM LUIZA DE MARILLAC
j: Faculdade Presidente Antônio Carlos de Itabirito
 POS DE I: 4
 POS DE J: 44
ALTERACOES
i: FACULDADE  PITÁGORAS
i: FACULDADE ANHANGUERA DE SERTÃOZINHO
i: FACULDADE DE BIBLIOTECONOMIA E CIÊNCIA DA INFORMAÇÃO
i: FACULDADE DE TECNOLOGIA DE PIRACICABA
i: FACULDADE RUY BARBOSA
POS TROCA
i: FACULDADE MONTESSORIANO DE SALVADOR
j: FACULDADE RUY BARBOSA
 POS DE I: 10
 POS DE J: 43
ALTERACOES
i: FACULDADE PADRÃO
42
j: UNIVERSIDADE ESTADUAL DE CAMPINAS
41
j: FACULDADE DE CIÊNCIAS SOCIAIS APLICADAS DE BELO HORIZONTE
POS TROCA
i: FACULDADE DE CIÊNCIAS SOCIAIS APLICADAS DE BELO HORIZONTE
j: FACULDADE PADRÃO
 POS DE I: 12
 POS DE J: 40
ALTERACOES
i: FACULDADE DE TECNOLOGIA EM SAÚDE - IAHCS
i: FACULDADE DOM BOSCO DE GOIOERÊ
i: FACULDADE CENECISTA DE NOVA PETRÓPOLIS
i: INSTITUTO UVB.BR
39
j: FACULDADE DE TECNOLOGIA SENAI FELIX GUISARD
POS TROCA
i: FACULDADE DE TECNOLOGIA SENAI FELIX GUISARD
j: INSTITUTO UVB.BR
 POS DE I: 17
 POS DE J: 38
ALTERACOES
i: CENTRO UNIVERSITÁRIO FRANCISCANO
i: FACULDADE LOURENÇO FILHO
i: FACULDADE DE ODONTOLOGIA DO RECIFE
i: FACULDADE DE TECNOLOGIA LUIZ ADELAR SCHEUER
i: FACUDADE IEDUCARE - FIED
i: CENTRO UNIVERSITÁRIO CATÓLICA DE QUIXADÁ
i: FACULDADE PADRÃO
POS TROCA
i: FACULDADE CIDADE DE PATOS DE MINAS
j: FACULDADE PADRÃO
 POS DE I: 25
 POS DE J: 37
ALTERACOES
i: CENTRO UNIVERSITÁRIO ANHANGUERA DE NITERÓI
i: FACULDADE LABORO
i: FACULDADE DOM PEDRO II
i: FACULDADE DE EDUCAÇÃO DE PORTO VELHO
i: FACULDADE TEOLÓGICA EVANGÉLICA DO RIO DE JANEIRO
36
j: CENTRO UNIVERSITÁRIO BARRIGA VERDE
POS TROCA
i: CENTRO UNIVERSITÁRIO BARRIGA VERDE
j: FACULDADE TEOLÓGICA EVANGÉLICA DO RIO DE JANEIRO
 POS DE I: 31
 POS DE J: 35
ALTERACOES
i: FACULDADE DE TECNOLOGIA INFORMÁTICA
i: FACULDADE GIANNA BERETTA
i: FACULDADE DE TEOLOGIA E CIÊNCIAS HUMANAS
i: ESCOLA SUPERIOR DE TECNOLOGIA E EDUCAÇÃO DE PORTO FERREIRA
i: FACULDADE TEOLÓGICA EVANGÉLICA DO RIO DE JANEIRO
POS INICIAL DE I: 0
POS INICIAL DE J: 35
tam: 17
INICIAIS
i: UNIVERSIDADE FEDERAL DE MATO GROSSO
j: ESCOLA SUPERIOR DE TECNOLOGIA E EDUCAÇÃO DE PORTO FERREIRA
pivo: FACULDADE AVANTIS
 POS DE I: 0
 POS DE J: 35
ALTERACOES
POS TROCA
i: ESCOLA SUPERIOR DE TECNOLOGIA E EDUCAÇÃO DE PORTO FERREIRA
j: UNIVERSIDADE FEDERAL DE MATO GROSSO
 POS DE I: 1
 POS DE J: 34
ALTERACOES
33
j: FACULDADE GIANNA BERETTA
32
j: FACULDADE SÃO TOMÁS DE AQUINO
31
j: FACULDADE JARDINS
30
j: FACULDADE TEOLÓGICA EVANGÉLICA DO RIO DE JANEIRO
29
j: Faculdade Menino Deus
28
j: FACULDADE DOM PEDRO II
27
j: FACULDADE LABORO
26
j: CENTRO UNIVERSITÁRIO ANHANGUERA DE NITERÓI
POS TROCA
i: CENTRO UNIVERSITÁRIO ANHANGUERA DE NITERÓI
j: FACULDADE DO NORTE PIONEIRO
 POS DE I: 2
 POS DE J: 25
ALTERACOES
24
j: FACULDADE PADRÃO
23
j: CENTRO UNIVERSITÁRIO CATÓLICA DE QUIXADÁ
POS TROCA
i: CENTRO UNIVERSITÁRIO CATÓLICA DE QUIXADÁ
j: FACULDADE DE TECNOLOGIA DE MAUÁ
 POS DE I: 3
 POS DE J: 22
ALTERACOES
POS TROCA
i: FACUDADE IEDUCARE - FIED
j: Faculdade Presidente Antônio Carlos de Itabirito
 POS DE I: 4
 POS DE J: 21
ALTERACOES
20
j: FACULDADE DE ODONTOLOGIA DO RECIFE
19
j: FACULDADE LOURENÇO FILHO
18
j: FACULDADE VALE DO SALGADO
17
j: FACULDADE AVANTIS
POS TROCA
i: FACULDADE AVANTIS
j: FACULDADE DE ODONTOLOGIA DO RECIFE
 POS DE I: 5
 POS DE J: 16
ALTERACOES
i: FACULDADE ANHANGUERA DE SERTÃOZINHO
i: FACULDADE DE BIBLIOTECONOMIA E CIÊNCIA DA INFORMAÇÃO
15
j: INSTITUTO DE ENSINO SUPERIOR DE TERESINA
14
j: FACULDADE DOM BOSCO DE GOIOERÊ
13
j: UNIVERSIDADE SALGADO DE OLIVEIRA
12
j: CENTRO UNIVERSITÁRIO TERESA D'ÁVILA
POS TROCA
i: CENTRO UNIVERSITÁRIO TERESA D'ÁVILA
j: FACULDADE DE BIBLIOTECONOMIA E CIÊNCIA DA INFORMAÇÃO
 POS DE I: 8
 POS DE J: 11
ALTERACOES
10
j: CENTRO UNIVERSITÁRIO LUTERANO DE SANTARÉM
POS TROCA
i: CENTRO UNIVERSITÁRIO LUTERANO DE SANTARÉM
j: FACULDADE DE TECNOLOGIA DE PIRACICABA
POS INICIAL DE I: 0
POS INICIAL DE J: 9
tam: 4
INICIAIS
i: UNIVERSIDADE FEDERAL DE MATO GROSSO
j: FACULDADES INTEGRADAS DE BOTUCATU
pivo: FACULDADE AVANTIS
 POS DE I: 0
 POS DE J: 9
ALTERACOES
8
j: FACULDADE DE TECNOLOGIA DE PIRACICABA
7
j: FACULDADE DE BIBLIOTECONOMIA E CIÊNCIA DA INFORMAÇÃO
6
j: Faculdade de Tecnologia de Campinas
5
j: FACULDADE  PITÁGORAS
POS TROCA
i: FACULDADE  PITÁGORAS
j: UNIVERSIDADE FEDERAL DE MATO GROSSO
 POS DE I: 1
 POS DE J: 4
ALTERACOES
i: FACULDADE DE TECNOLOGIA DE MAUÁ
3
j: Faculdade Presidente Antônio Carlos de Itabirito
2
j: UNIVERSIDADE VALE DO RIO VERDE
1
j: FACULDADE DO NORTE PIONEIRO
0
j: UNIVERSIDADE FEDERAL DE MATO GROSSO
-1
j: null
