CENTRO UNIVERSITÁRIO ANHANGUERA DE NITERÓI
CENTRO UNIVERSITÁRIO BARRIGA VERDE
CENTRO UNIVERSITÁRIO CATÓLICA DE QUIXADÁ
CENTRO UNIVERSITÁRIO DE MANDAGUARI - UNIMAN
CENTRO UNIVERSITÁRIO FRANCISCANO
CENTRO UNIVERSITÁRIO LUTERANO DE SANTARÉM
CENTRO UNIVERSITÁRIO TERESA D'ÁVILA
ESCOLA DE MEDICINA SOUZA MARQUES DA FUNDAÇÃO TÉCNICO-EDUCACIONAL SOUZA MARQUES
ESCOLA SUPERIOR DE TECNOLOGIA E EDUCAÇÃO DE PORTO FERREIRA
FACUDADE IEDUCARE - FIED
FACULDADE  PITÁGORAS
FACULDADE ALFREDO NASSER
FACULDADE ANGLICANA DE TAPEJARA
FACULDADE ANGLO-AMERICANO DE CHAPECÓ
FACULDADE ANHANGUERA DE SERTÃOZINHO
FACULDADE AVANTIS
FACULDADE CENECISTA DE NOVA PETRÓPOLIS
FACULDADE DE CASTANHAL
FACULDADE CIDADE DE PATOS DE MINAS
FACULDADE DE BIBLIOTECONOMIA E CIÊNCIA DA INFORMAÇÃO
FACULDADE DE CIÊNCIAS EXATAS DE GARANHUNS
FACULDADE DE CONCHAS
FACULDADE DE CIÊNCIAS SOCIAIS APLICADAS DE EXTREMA
FACULDADE DE CIÊNCIAS SOCIAIS APLICADAS DE BELO HORIZONTE
FACULDADE DE CIÊNCIAS SOCIAIS APLICADAS
FACULDADE DE MÚSICA CARLOS GOMES
FACULDADE DE DIREITO DA ALTA PAULISTA
FACULDADE DE FILOSOFIA, CIÊNCIAS E LETRAS DE IBITINGA
FACULDADE DE ENFERMAGEM LUIZA DE MARILLAC
FACULDADE DE EDUCAÇÃO DE PORTO VELHO
FACULDADE DE DIREITO PADRE ARNALDO JANSSEN
FACULDADE DE ODONTOLOGIA DO RECIFE
FACULDADE DE ODONTOLOGIA DO RECIFE
FACULDADE DE TECNOLOGIA DE MAUÁ
FACULDADE DE TECNOLOGIA DE PORTO ALEGRE
FACULDADE DE TECNOLOGIA DE PIRACICABA
FACULDADE DE TECNOLOGIA EM SAÚDE - IAHCS
FACULDADE DE TECNOLOGIA ENSITEC
FACULDADE DE TECNOLOGIA INFORMÁTICA
FACULDADE DE TECNOLOGIA LUIZ ADELAR SCHEUER
FACULDADE DE TECNOLOGIA SENAC CHAPECÓ
FACULDADE DE TECNOLOGIA SENAI CHAPECÓ
FACULDADE DE TECNOLOGIA SENAI FELIX GUISARD
FACULDADE DE TEOLOGIA E CIÊNCIAS HUMANAS
FACULDADE DOM BOSCO DE GOIOERÊ
FACULDADE ITEANA DE BOTUCATU
FACULDADE GIANNA BERETTA
FACULDADE JARDINS
FACULDADE DO NORTE PIONEIRO
FACULDADE DOM PEDRO II
FACULDADE DO INSTITUTO BRASIL
FACULDADE LABORO
FACULDADE METROPOLITANA DE RIO DO SUL
FACULDADE PADRÃO
FACULDADE LOURENÇO FILHO
FACULDADE MONTESSORIANO DE SALVADOR
FACULDADE PADRÃO
FACULDADE RUY BARBOSA
FACULDADE PINHALZINHO
FACULDADE METROPOLITANA DE GUARAMIRIM
FACULDADE REGIONAL PALMITOS
FACULDADE SANTA RITA
FACULDADE SÃO FRANCISCO DE PIUMHI
FACULDADE SANTO ANTONIO
FACULDADE SÃO TOMÁS DE AQUINO
UNIVERSIDADE ESTADUAL DO SUDOESTE DA BAHIA
Faculdade da Região Sisaleira
FACULDADE ZACARIAS DE GÓES
Faculdade de Educação em Ciências da Saúde
UNIVERSIDADE FEDERAL DE SANTA MARIA
INSTITUTO SUPERIOR DE EDUCAÇÃO DO RIO DE JANEIRO
Faculdade Vértix Trirriense
Faculdade de Ensino Regional Alternativa
INSTITUTO FEDERAL DE EDUCAÇÃO, CIÊNCIA E TECNOLOGIA DE RORAIMA
FACULDADE TRÊS DE MAIO
Faculdade de Tecnologia de Itaquera
Faculdade de Medicina de Olinda
UNIVERSIDADE ESTADUAL DE CAMPINAS
Faculdades Magsul
FACULDADE TEOLÓGICA EVANGÉLICA DO RIO DE JANEIRO
UNIVERSIDADE DE SOROCABA
FACULDADES INTEGRADAS CAMPO-GRANDENSES
Faculdade Menino Deus
Faculdade de Quixeramobim
FACULDADE VALE DO SALGADO
Faculdade de Paraíso do Norte
Faculdade Meta
INSTITUTO UVB.BR
INSTITUTO DE ENSINO SUPERIOR DE TERESINA
Faculdade de Tecnologia Sebrae
INSTITUTO DE ENSINO SUPERIOR DE OLINDA
UNIVERSIDADE FEDERAL DE MATO GROSSO
FACULDADES INTEGRADAS DE BOTUCATU
Faculdade de Tecnologia de Campinas
Faculdade Mário Quintana
Faculdade Presidente Antônio Carlos de Itabirito
UNIVERSIDADE FEDERAL DO RIO GRANDE DO NORTE
UNIVERSIDADE VALE DO RIO VERDE
UNIVERSIDADE SALGADO DE OLIVEIRA
UNIVERSIDADE FEEVALE
UNIVERSIDADE FEDERAL RURAL DO SEMI-ÁRIDO
