4150
17670
17400
190
940
2270
3790
570
150
1
1291
891
451
2361
2831
2361
3541
371
4261
3951
4661
19501
14961
372
1692
1202
16782
582
1572
4502
14243
663
2043
15133
4163
2233
1573
1763
2613
1923
23
4023
14914
4814
54
294
4714
3184
11604
2084
3775
2135
515
3495
2915
3285
17355
4915
1815
1875
535
1515
3975
3146
716
1656
3146
2466
2156
17326
18636
426
396
1456
2566
27
4157
13897
17977
3377
647
1357
1777
3947
738
1988
3588
4518
2568
688
268
2328
18048
19739
1059
2069
4889
15669
16879
3299
589
